v ATLAS
# This file was created by ATLAS version 5.28.1.R on Mon Jun 29 04:13:34 2020.
#SSF 2.0 generic
##############################################################################
#                    Copyright (c) 1984 - 2019                               #
#                    Silvaco Inc. All rights reserved                        #
#                                                                            #
# This file format and the following Key are copyright Silvaco Inc.          #
# You may not use, this format or key without reproducing this message in    #
# full and obtaining express written permission from Silvaco Inc.            #
#                                                                            #
# To obtain such permission please contact: Silvaco Inc.                     #
#                                           support@silvaco.com              #
#                                                                            #
# KEY=SVC86hn7562asdx                       PROD=345                         #
##############################################################################
y 1 15
z 300
f 2 "anode" "cathode" 
p 6 2 601 20 3 602 21 
d 0.000000000e+00 0.000000000e+00 1.490190151e-04 -5.000000000e-01 -5.000000000e-01 -1.490190151e-04 
d 0.000000000e+00 0.000000000e+00 1.388442211e-04 -4.500000000e-01 -4.500000000e-01 -1.388442211e-04 
d 0.000000000e+00 0.000000000e+00 1.278010548e-04 -4.000000000e-01 -4.000000000e-01 -1.278010548e-04 
d 0.000000000e+00 0.000000000e+00 1.157365045e-04 -3.500000000e-01 -3.500000000e-01 -1.157365045e-04 
d 0.000000000e+00 0.000000000e+00 1.025126830e-04 -3.000000000e-01 -3.000000000e-01 -1.025126830e-04 
d 0.000000000e+00 0.000000000e+00 8.803984302e-05 -2.500000000e-01 -2.500000000e-01 -8.803984302e-05 
d 0.000000000e+00 0.000000000e+00 7.230849208e-05 -2.000000000e-01 -2.000000000e-01 -7.230849208e-05 
d 0.000000000e+00 0.000000000e+00 5.540863036e-05 -1.500000000e-01 -1.500000000e-01 -5.540863036e-05 
d 0.000000000e+00 0.000000000e+00 3.753033867e-05 -1.000000000e-01 -1.000000000e-01 -3.753033978e-05 
d 0.000000000e+00 0.000000000e+00 1.894941116e-05 -5.000000000e-02 -5.000000000e-02 -1.894940990e-05 
d 0.000000000e+00 0.000000000e+00 -1.838016206e-17 3.444184663e-17 3.444184663e-17 -1.336739059e-17 
d 0.000000000e+00 0.000000000e+00 -1.895099842e-05 5.000000000e-02 5.000000000e-02 1.895099734e-05 
d 0.000000000e+00 0.000000000e+00 -3.753666871e-05 1.000000000e-01 1.000000000e-01 3.753666901e-05 
d 0.000000000e+00 0.000000000e+00 -5.542296404e-05 1.500000000e-01 1.500000000e-01 5.542296404e-05 
d 0.000000000e+00 0.000000000e+00 -7.233368746e-05 2.000000000e-01 2.000000000e-01 7.233368746e-05 
d 0.000000000e+00 0.000000000e+00 -8.807936128e-05 2.500000000e-01 2.500000000e-01 8.807936128e-05 
d 0.000000000e+00 0.000000000e+00 -1.025712788e-04 3.000000000e-01 3.000000000e-01 1.025712788e-04 
d 0.000000000e+00 0.000000000e+00 -1.158212933e-04 3.500000000e-01 3.500000000e-01 1.158212933e-04 
d 0.000000000e+00 0.000000000e+00 -1.279225661e-04 4.000000000e-01 4.000000000e-01 1.279225661e-04 
d 0.000000000e+00 0.000000000e+00 -1.390171675e-04 4.500000000e-01 4.500000000e-01 1.390171675e-04 
d 0.000000000e+00 0.000000000e+00 -1.492626350e-04 5.000000000e-01 5.000000000e-01 1.492626350e-04 
