v ATLAS
# This file was created by ATLAS version 5.28.1.R on Mon Jun 29 01:10:35 2020.
#SSF 2.0 generic
##############################################################################
#                    Copyright (c) 1984 - 2019                               #
#                    Silvaco Inc. All rights reserved                        #
#                                                                            #
# This file format and the following Key are copyright Silvaco Inc.          #
# You may not use, this format or key without reproducing this message in    #
# full and obtaining express written permission from Silvaco Inc.            #
#                                                                            #
# To obtain such permission please contact: Silvaco Inc.                     #
#                                           support@silvaco.com              #
#                                                                            #
# KEY=SVC86hn7562asdx                       PROD=345                         #
##############################################################################
y 1 15
z 300
f 2 "anode" "cathode" 
p 6 2 601 20 3 602 21 
d 0.000000000e+00 0.000000000e+00 1.645765733e-04 -1.250000000e-01 -1.250000000e-01 -1.645766255e-04 
d 0.000000000e+00 0.000000000e+00 3.247956216e-04 -2.500000000e-01 -2.500000000e-01 -3.247956216e-04 
d 0.000000000e+00 0.000000000e+00 6.177445375e-04 -5.000000000e-01 -5.000000000e-01 -6.177445375e-04 
d 0.000000000e+00 0.000000000e+00 5.628511745e-04 -4.500000000e-01 -4.500000000e-01 -5.628511745e-04 
d 0.000000000e+00 0.000000000e+00 5.059714535e-04 -4.000000000e-01 -4.000000000e-01 -5.059714535e-04 
d 0.000000000e+00 0.000000000e+00 4.472290959e-04 -3.500000000e-01 -3.500000000e-01 -4.472290959e-04 
d 0.000000000e+00 0.000000000e+00 3.867768000e-04 -3.000000000e-01 -3.000000000e-01 -3.867768000e-04 
d 0.000000000e+00 0.000000000e+00 3.247956216e-04 -2.500000000e-01 -2.500000000e-01 -3.247956216e-04 
d 0.000000000e+00 0.000000000e+00 2.614934018e-04 -2.000000000e-01 -2.000000000e-01 -2.614934018e-04 
d 0.000000000e+00 0.000000000e+00 1.971022177e-04 -1.500000000e-01 -1.500000000e-01 -1.971022177e-04 
d 0.000000000e+00 0.000000000e+00 1.318748882e-04 -1.000000000e-01 -1.000000000e-01 -1.318748882e-04 
d 0.000000000e+00 0.000000000e+00 6.608062784e-05 -5.000000000e-02 -5.000000000e-02 -6.608062784e-05 
d 0.000000000e+00 0.000000000e+00 -2.005108588e-17 3.444184663e-17 3.444184663e-17 5.681140999e-17 
d 0.000000000e+00 0.000000000e+00 -6.608062784e-05 5.000000000e-02 5.000000000e-02 6.608062784e-05 
d 0.000000000e+00 0.000000000e+00 -1.318748882e-04 1.000000000e-01 1.000000000e-01 1.318748882e-04 
d 0.000000000e+00 0.000000000e+00 -1.971022177e-04 1.500000000e-01 1.500000000e-01 1.971022177e-04 
d 0.000000000e+00 0.000000000e+00 -2.614934018e-04 2.000000000e-01 2.000000000e-01 2.614934018e-04 
d 0.000000000e+00 0.000000000e+00 -3.247956217e-04 2.500000000e-01 2.500000000e-01 3.247956217e-04 
d 0.000000000e+00 0.000000000e+00 -3.867768001e-04 3.000000000e-01 3.000000000e-01 3.867768001e-04 
d 0.000000000e+00 0.000000000e+00 -4.472290959e-04 3.500000000e-01 3.500000000e-01 4.472290959e-04 
d 0.000000000e+00 0.000000000e+00 -5.059714535e-04 4.000000000e-01 4.000000000e-01 5.059714535e-04 
d 0.000000000e+00 0.000000000e+00 -5.628511745e-04 4.500000000e-01 4.500000000e-01 5.628511745e-04 
d 0.000000000e+00 0.000000000e+00 -6.177445376e-04 5.000000000e-01 5.000000000e-01 6.177445376e-04 
