v ATLAS
# This file was created by ATLAS version 5.28.1.R on Mon Jun 29 00:46:46 2020.
#SSF 2.0 generic
##############################################################################
#                    Copyright (c) 1984 - 2019                               #
#                    Silvaco Inc. All rights reserved                        #
#                                                                            #
# This file format and the following Key are copyright Silvaco Inc.          #
# You may not use, this format or key without reproducing this message in    #
# full and obtaining express written permission from Silvaco Inc.            #
#                                                                            #
# To obtain such permission please contact: Silvaco Inc.                     #
#                                           support@silvaco.com              #
#                                                                            #
# KEY=SVC86hn7562asdx                       PROD=345                         #
##############################################################################
y 1 15
z 300
f 2 "anode" "cathode" 
p 6 2 601 20 3 602 21 
d 0.000000000e+00 0.000000000e+00 3.583896956e-05 -5.000000000e-01 -5.000000000e-01 -3.583896954e-05 
d 0.000000000e+00 0.000000000e+00 3.464069365e-05 -4.800000000e-01 -4.800000000e-01 -3.464069367e-05 
d 0.000000000e+00 0.000000000e+00 3.342635699e-05 -4.600000000e-01 -4.600000000e-01 -3.342635698e-05 
d 0.000000000e+00 0.000000000e+00 3.219642833e-05 -4.400000000e-01 -4.400000000e-01 -3.219642833e-05 
d 0.000000000e+00 0.000000000e+00 3.095011268e-05 -4.200000000e-01 -4.200000000e-01 -3.095011267e-05 
d 0.000000000e+00 0.000000000e+00 2.968693732e-05 -4.000000000e-01 -4.000000000e-01 -2.968693731e-05 
d 0.000000000e+00 0.000000000e+00 2.840642381e-05 -3.800000000e-01 -3.800000000e-01 -2.840642379e-05 
d 0.000000000e+00 0.000000000e+00 2.710801822e-05 -3.600000000e-01 -3.600000000e-01 -2.710801820e-05 
d 0.000000000e+00 0.000000000e+00 2.579133962e-05 -3.400000000e-01 -3.400000000e-01 -2.579133960e-05 
d 0.000000000e+00 0.000000000e+00 2.445573097e-05 -3.200000000e-01 -3.200000000e-01 -2.445573095e-05 
d 0.000000000e+00 0.000000000e+00 2.310071458e-05 -3.000000000e-01 -3.000000000e-01 -2.310071455e-05 
d 0.000000000e+00 0.000000000e+00 2.172583652e-05 -2.800000000e-01 -2.800000000e-01 -2.172583649e-05 
d 0.000000000e+00 0.000000000e+00 2.033032278e-05 -2.600000000e-01 -2.600000000e-01 -2.033032276e-05 
d 0.000000000e+00 0.000000000e+00 1.891365280e-05 -2.400000000e-01 -2.400000000e-01 -1.891365277e-05 
d 0.000000000e+00 0.000000000e+00 1.747534751e-05 -2.200000000e-01 -2.200000000e-01 -1.747534748e-05 
d 0.000000000e+00 0.000000000e+00 1.601446777e-05 -2.000000000e-01 -2.000000000e-01 -1.601446774e-05 
d 0.000000000e+00 0.000000000e+00 1.453060367e-05 -1.800000000e-01 -1.800000000e-01 -1.453060365e-05 
d 0.000000000e+00 0.000000000e+00 1.302273486e-05 -1.600000000e-01 -1.600000000e-01 -1.302273483e-05 
d 0.000000000e+00 0.000000000e+00 1.149020750e-05 -1.400000000e-01 -1.400000000e-01 -1.149020747e-05 
d 0.000000000e+00 0.000000000e+00 9.932427376e-06 -1.200000000e-01 -1.200000000e-01 -9.932427355e-06 
d 0.000000000e+00 0.000000000e+00 8.348168018e-06 -1.000000000e-01 -1.000000000e-01 -8.348167997e-06 
d 0.000000000e+00 0.000000000e+00 6.733430517e-06 -8.000000000e-02 -8.000000000e-02 -6.733430522e-06 
d 0.000000000e+00 0.000000000e+00 5.086019594e-06 -6.000000000e-02 -6.000000000e-02 -5.086019596e-06 
d 0.000000000e+00 0.000000000e+00 3.414667443e-06 -4.000000000e-02 -4.000000000e-02 -3.414667440e-06 
d 0.000000000e+00 0.000000000e+00 1.719627179e-06 -2.000000000e-02 -2.000000000e-02 -1.719627177e-06 
d 0.000000000e+00 0.000000000e+00 -3.876543270e-16 1.664689254e-16 1.664689254e-16 -6.817369199e-16 
d 0.000000000e+00 0.000000000e+00 -1.719633085e-06 2.000000000e-02 2.000000000e-02 1.719633084e-06 
d 0.000000000e+00 0.000000000e+00 -3.414885218e-06 4.000000000e-02 4.000000000e-02 3.414885225e-06 
d 0.000000000e+00 0.000000000e+00 -5.086070393e-06 6.000000000e-02 6.000000000e-02 5.086070399e-06 
d 0.000000000e+00 0.000000000e+00 -6.733556331e-06 8.000000000e-02 8.000000000e-02 6.733556335e-06 
d 0.000000000e+00 0.000000000e+00 -8.348239314e-06 1.000000000e-01 1.000000000e-01 8.348239311e-06 
d 0.000000000e+00 0.000000000e+00 -9.932437828e-06 1.200000000e-01 1.200000000e-01 9.932437834e-06 
d 0.000000000e+00 0.000000000e+00 -1.149021813e-05 1.400000000e-01 1.400000000e-01 1.149021816e-05 
d 0.000000000e+00 0.000000000e+00 -1.302274469e-05 1.600000000e-01 1.600000000e-01 1.302274472e-05 
d 0.000000000e+00 0.000000000e+00 -1.453044306e-05 1.800000000e-01 1.800000000e-01 1.453044310e-05 
d 0.000000000e+00 0.000000000e+00 -1.601447671e-05 2.000000000e-01 2.000000000e-01 1.601447674e-05 
d 0.000000000e+00 0.000000000e+00 -1.747535721e-05 2.200000000e-01 2.200000000e-01 1.747535724e-05 
d 0.000000000e+00 0.000000000e+00 -1.891365955e-05 2.400000000e-01 2.400000000e-01 1.891365958e-05 
d 0.000000000e+00 0.000000000e+00 -2.033032952e-05 2.600000000e-01 2.600000000e-01 2.033032955e-05 
d 0.000000000e+00 0.000000000e+00 -2.172584291e-05 2.800000000e-01 2.800000000e-01 2.172584294e-05 
d 0.000000000e+00 0.000000000e+00 -2.310071820e-05 3.000000000e-01 3.000000000e-01 2.310071822e-05 
d 0.000000000e+00 0.000000000e+00 -2.445573526e-05 3.200000000e-01 3.200000000e-01 2.445573529e-05 
d 0.000000000e+00 0.000000000e+00 -2.579134302e-05 3.400000000e-01 3.400000000e-01 2.579134304e-05 
d 0.000000000e+00 0.000000000e+00 -2.710801968e-05 3.600000000e-01 3.600000000e-01 2.710801970e-05 
d 0.000000000e+00 0.000000000e+00 -2.840642564e-05 3.800000000e-01 3.800000000e-01 2.840642565e-05 
d 0.000000000e+00 0.000000000e+00 -2.968693594e-05 4.000000000e-01 4.000000000e-01 2.968693595e-05 
d 0.000000000e+00 0.000000000e+00 -3.095010826e-05 4.200000000e-01 4.200000000e-01 3.095010827e-05 
d 0.000000000e+00 0.000000000e+00 -3.219645879e-05 4.400000000e-01 4.400000000e-01 3.219645880e-05 
d 0.000000000e+00 0.000000000e+00 -3.342635549e-05 4.600000000e-01 4.600000000e-01 3.342635549e-05 
d 0.000000000e+00 0.000000000e+00 -3.464028110e-05 4.800000000e-01 4.800000000e-01 3.464028109e-05 
d 0.000000000e+00 0.000000000e+00 -3.583872577e-05 5.000000000e-01 5.000000000e-01 3.583872577e-05 
